LOGStart created on Wednesday 2025/05/21  UTC 14:37:09:965

Reading "OSDD Data"...
Reading Content "Start"
Reading properties for module "X20SLX210_110.MainSN".
  ParameterGroup "Basic_PLC" has 15 parameters.
  ParameterGroup "Safety_Response_Time_Defaults" has 11 parameters.
  ParameterGroup "Options" has 3 parameters.
  ParameterGroup "SafeDigitalInput01" has 5 parameters.
  ParameterGroup "SafeDigitalInput02" has 5 parameters.
  ParameterGroup "PulseOutput" has 2 parameters.
  ParameterGroup "http://www.br-automation.com" has 89 parameters.
Module "X20SLX210_110.MainSN.SL1.SM1" is of type "X20 SafeLOGIC Compact, 2xI, 24V, 1xCAT4" and has 1 external machine option objects.
Module "X20SLX210_110.MainSN.SL1.SM1" is of type "X20 SafeLOGIC Compact, 2xI, 24V, 1xCAT4" and has 2 external machine option objects.
Module "X20SLX210_110.MainSN.SL1.SM1" is of type "X20 SafeLOGIC Compact, 2xI, 24V, 1xCAT4" and has 3 external machine option objects.
Module "X20SLX210_110.MainSN.SL1.SM1" is of type "X20 SafeLOGIC Compact, 2xI, 24V, 1xCAT4" and has 4 external machine option objects.
Module "X20SLX210_110.MainSN.SL1.SM1" is of type "X20 SafeLOGIC Compact, 2xI, 24V, 1xCAT4" and has 5 external machine option objects.
Module "X20SLX210_110.MainSN.SL1.SM1" is of type "X20 SafeLOGIC Compact, 2xI, 24V, 1xCAT4" and has 6 external machine option objects.
Module "X20SLX210_110.MainSN.SL1.SM1" is of type "X20 SafeLOGIC Compact, 2xI, 24V, 1xCAT4" and has 7 external machine option objects.
Module "X20SLX210_110.MainSN.SL1.SM1" is of type "X20 SafeLOGIC Compact, 2xI, 24V, 1xCAT4" and has 8 external machine option objects.
Module "X20SLX210_110.MainSN.SL1.SM1" is of type "X20 SafeLOGIC Compact, 2xI, 24V, 1xCAT4" and has 9 external machine option objects.
Module "X20SLX210_110.MainSN.SL1.SM1" is of type "X20 SafeLOGIC Compact, 2xI, 24V, 1xCAT4" and has 10 external machine option objects.
Module "X20SLX210_110.MainSN.SL1.SM1" is of type "X20 SafeLOGIC Compact, 2xI, 24V, 1xCAT4" and has 11 external machine option objects.
Module "X20SLX210_110.MainSN.SL1.SM1" is of type "X20 SafeLOGIC Compact, 2xI, 24V, 1xCAT4" and has 12 external machine option objects.
Module "X20SLX210_110.MainSN.SL1.SM1" is of type "X20 SafeLOGIC Compact, 2xI, 24V, 1xCAT4" and has 13 external machine option objects.
Module "X20SLX210_110.MainSN.SL1.SM1" is of type "X20 SafeLOGIC Compact, 2xI, 24V, 1xCAT4" and has 14 external machine option objects.
Module "X20SLX210_110.MainSN.SL1.SM1" is of type "X20 SafeLOGIC Compact, 2xI, 24V, 1xCAT4" and has 15 external machine option objects.
Module "X20SLX210_110.MainSN.SL1.SM1" is of type "X20 SafeLOGIC Compact, 2xI, 24V, 1xCAT4" and has 16 external machine option objects.
Module "X20SLX210_110.MainSN.SL1.SM1" is of type "X20 SafeLOGIC Compact, 2xI, 24V, 1xCAT4" and has 17 external machine option objects.
Module "X20SLX210_110.MainSN.SL1.SM1" is of type "X20 SafeLOGIC Compact, 2xI, 24V, 1xCAT4" and has 18 external machine option objects.
Module "X20SLX210_110.MainSN.SL1.SM1" is of type "X20 SafeLOGIC Compact, 2xI, 24V, 1xCAT4" and has 19 external machine option objects.
Module "X20SLX210_110.MainSN.SL1.SM1" is of type "X20 SafeLOGIC Compact, 2xI, 24V, 1xCAT4" and has 20 external machine option objects.
Module "X20SLX210_110.MainSN.SL1.SM1" is of type "X20 SafeLOGIC Compact, 2xI, 24V, 1xCAT4" and has 21 external machine option objects.
Module "X20SLX210_110.MainSN.SL1.SM1" is of type "X20 SafeLOGIC Compact, 2xI, 24V, 1xCAT4" and has 22 external machine option objects.
Module "X20SLX210_110.MainSN.SL1.SM1" is of type "X20 SafeLOGIC Compact, 2xI, 24V, 1xCAT4" and has 23 external machine option objects.
Module "X20SLX210_110.MainSN.SL1.SM1" is of type "X20 SafeLOGIC Compact, 2xI, 24V, 1xCAT4" and has 24 external machine option objects.
Module "X20SLX210_110.MainSN.SL1.SM1" is of type "X20 SafeLOGIC Compact, 2xI, 24V, 1xCAT4" and has 25 external machine option objects.
Module "X20SLX210_110.MainSN.SL1.SM1" is of type "X20 SafeLOGIC Compact, 2xI, 24V, 1xCAT4" and has 26 external machine option objects.
Module "X20SLX210_110.MainSN.SL1.SM1" is of type "X20 SafeLOGIC Compact, 2xI, 24V, 1xCAT4" and has 27 external machine option objects.
Module "X20SLX210_110.MainSN.SL1.SM1" is of type "X20 SafeLOGIC Compact, 2xI, 24V, 1xCAT4" and has 28 external machine option objects.
Module "X20SLX210_110.MainSN.SL1.SM1" is of type "X20 SafeLOGIC Compact, 2xI, 24V, 1xCAT4" and has 29 external machine option objects.
Module "X20SLX210_110.MainSN.SL1.SM1" is of type "X20 SafeLOGIC Compact, 2xI, 24V, 1xCAT4" and has 30 external machine option objects.
Module "X20SLX210_110.MainSN.SL1.SM1" is of type "X20 SafeLOGIC Compact, 2xI, 24V, 1xCAT4" and has 31 external machine option objects.
Module "X20SLX210_110.MainSN.SL1.SM1" is of type "X20 SafeLOGIC Compact, 2xI, 24V, 1xCAT4" and has 32 external machine option objects.
Module "X20SLX210_110.MainSN.SL1.SM1" is of type "X20 SafeLOGIC Compact, 2xI, 24V, 1xCAT4" and has 33 external machine option objects.
Module "X20SLX210_110.MainSN.SL1.SM1" is of type "X20 SafeLOGIC Compact, 2xI, 24V, 1xCAT4" and has 34 external machine option objects.
Module "X20SLX210_110.MainSN.SL1.SM1" is of type "X20 SafeLOGIC Compact, 2xI, 24V, 1xCAT4" and has 35 external machine option objects.
Module "X20SLX210_110.MainSN.SL1.SM1" is of type "X20 SafeLOGIC Compact, 2xI, 24V, 1xCAT4" and has 36 external machine option objects.
Module "X20SLX210_110.MainSN.SL1.SM1" is of type "X20 SafeLOGIC Compact, 2xI, 24V, 1xCAT4" and has 37 external machine option objects.
Module "X20SLX210_110.MainSN.SL1.SM1" is of type "X20 SafeLOGIC Compact, 2xI, 24V, 1xCAT4" and has 38 external machine option objects.
Module "X20SLX210_110.MainSN.SL1.SM1" is of type "X20 SafeLOGIC Compact, 2xI, 24V, 1xCAT4" and has 39 external machine option objects.
Module "X20SLX210_110.MainSN.SL1.SM1" is of type "X20 SafeLOGIC Compact, 2xI, 24V, 1xCAT4" and has 40 external machine option objects.
Module "X20SLX210_110.MainSN.SL1.SM1" is of type "X20 SafeLOGIC Compact, 2xI, 24V, 1xCAT4" and has 41 external machine option objects.
Module "X20SLX210_110.MainSN.SL1.SM1" is of type "X20 SafeLOGIC Compact, 2xI, 24V, 1xCAT4" and has 42 external machine option objects.
Module "X20SLX210_110.MainSN.SL1.SM1" is of type "X20 SafeLOGIC Compact, 2xI, 24V, 1xCAT4" and has 43 external machine option objects.
Module "X20SLX210_110.MainSN.SL1.SM1" is of type "X20 SafeLOGIC Compact, 2xI, 24V, 1xCAT4" and has 44 external machine option objects.
Module "X20SLX210_110.MainSN.SL1.SM1" is of type "X20 SafeLOGIC Compact, 2xI, 24V, 1xCAT4" and has 45 external machine option objects.
Module "X20SLX210_110.MainSN.SL1.SM1" is of type "X20 SafeLOGIC Compact, 2xI, 24V, 1xCAT4" and has 46 external machine option objects.
Module "X20SLX210_110.MainSN.SL1.SM1" is of type "X20 SafeLOGIC Compact, 2xI, 24V, 1xCAT4" and has 47 external machine option objects.
Module "X20SLX210_110.MainSN.SL1.SM1" is of type "X20 SafeLOGIC Compact, 2xI, 24V, 1xCAT4" and has 48 external machine option objects.
Module "X20SLX210_110.MainSN.SL1.SM1" is of type "X20 SafeLOGIC Compact, 2xI, 24V, 1xCAT4" and has 49 external machine option objects.
Module "X20SLX210_110.MainSN.SL1.SM1" is of type "X20 SafeLOGIC Compact, 2xI, 24V, 1xCAT4" and has 50 external machine option objects.
Module "X20SLX210_110.MainSN.SL1.SM1" is of type "X20 SafeLOGIC Compact, 2xI, 24V, 1xCAT4" and has 51 external machine option objects.
Module "X20SLX210_110.MainSN.SL1.SM1" is of type "X20 SafeLOGIC Compact, 2xI, 24V, 1xCAT4" and has 52 external machine option objects.
Module "X20SLX210_110.MainSN.SL1.SM1" is of type "X20 SafeLOGIC Compact, 2xI, 24V, 1xCAT4" and has 53 external machine option objects.
Module "X20SLX210_110.MainSN.SL1.SM1" is of type "X20 SafeLOGIC Compact, 2xI, 24V, 1xCAT4" and has 54 external machine option objects.
Module "X20SLX210_110.MainSN.SL1.SM1" is of type "X20 SafeLOGIC Compact, 2xI, 24V, 1xCAT4" and has 55 external machine option objects.
Module "X20SLX210_110.MainSN.SL1.SM1" is of type "X20 SafeLOGIC Compact, 2xI, 24V, 1xCAT4" and has 56 external machine option objects.
Module "X20SLX210_110.MainSN.SL1.SM1" is of type "X20 SafeLOGIC Compact, 2xI, 24V, 1xCAT4" and has 57 external machine option objects.
Module "X20SLX210_110.MainSN.SL1.SM1" is of type "X20 SafeLOGIC Compact, 2xI, 24V, 1xCAT4" and has 58 external machine option objects.
Module "X20SLX210_110.MainSN.SL1.SM1" is of type "X20 SafeLOGIC Compact, 2xI, 24V, 1xCAT4" and has 59 external machine option objects.
Module "X20SLX210_110.MainSN.SL1.SM1" is of type "X20 SafeLOGIC Compact, 2xI, 24V, 1xCAT4" and has 60 external machine option objects.
Module "X20SLX210_110.MainSN.SL1.SM1" is of type "X20 SafeLOGIC Compact, 2xI, 24V, 1xCAT4" and has 61 external machine option objects.
Module "X20SLX210_110.MainSN.SL1.SM1" is of type "X20 SafeLOGIC Compact, 2xI, 24V, 1xCAT4" and has 62 external machine option objects.
Module "X20SLX210_110.MainSN.SL1.SM1" is of type "X20 SafeLOGIC Compact, 2xI, 24V, 1xCAT4" and has 63 external machine option objects.
Module "X20SLX210_110.MainSN.SL1.SM1" is of type "X20 SafeLOGIC Compact, 2xI, 24V, 1xCAT4" and has 64 external machine option objects.
Module "X20SLX210_110.MainSN.SL1.SM1" is of type "X20SLX210" and has 47 channels and 7 parameter groups.
Reading properties for module "X20SC0842_110".
  ParameterGroup "Basic_Node" has 5 parameters.
  ParameterGroup "Safety_Response_Time" has 4 parameters.
  ParameterGroup "Module Configuration" has 1 parameters.
  ParameterGroup "SafeDigitalInput01" has 5 parameters.
  ParameterGroup "SafeDigitalInput02" has 5 parameters.
  ParameterGroup "SafeDigitalInput03" has 5 parameters.
  ParameterGroup "SafeDigitalInput04" has 5 parameters.
  ParameterGroup "SafeDigitalInput05" has 5 parameters.
  ParameterGroup "SafeDigitalInput06" has 5 parameters.
  ParameterGroup "SafeDigitalInput07" has 5 parameters.
  ParameterGroup "SafeDigitalInput08" has 5 parameters.
  ParameterGroup "PulseOutput" has 4 parameters.
  ParameterGroup "http://www.br-automation.com" has 22 parameters.
Module "X20SC0842_110.SL1.SM2" is of type "X20SC0842" and has 44 channels and 13 parameter groups.
Reading properties for module "X67SC4122.L12_110".
  ParameterGroup "Basic_Node" has 5 parameters.
  ParameterGroup "Safety_Response_Time" has 4 parameters.
  ParameterGroup "Module Configuration" has 1 parameters.
  ParameterGroup "SafeDigitalInput01" has 5 parameters.
  ParameterGroup "SafeDigitalInput02" has 5 parameters.
  ParameterGroup "SafeDigitalInput03" has 5 parameters.
  ParameterGroup "SafeDigitalInput04" has 5 parameters.
  ParameterGroup "SafeDigitalInput05" has 5 parameters.
  ParameterGroup "SafeDigitalInput06" has 5 parameters.
  ParameterGroup "SafeDigitalInput07" has 5 parameters.
  ParameterGroup "SafeDigitalInput08" has 5 parameters.
  ParameterGroup "PulseOutput" has 8 parameters.
  ParameterGroup "http://www.br-automation.com" has 22 parameters.
Module "X67SC4122.L12_110.SL1.SM41" is of type "X67SC4122.L12" and has 38 channels and 13 parameter groups.
Reading properties for module "X67SC4122.L12_110".
  ParameterGroup "Basic_Node" has 5 parameters.
  ParameterGroup "Safety_Response_Time" has 4 parameters.
  ParameterGroup "Module Configuration" has 1 parameters.
  ParameterGroup "SafeDigitalInput01" has 5 parameters.
  ParameterGroup "SafeDigitalInput02" has 5 parameters.
  ParameterGroup "SafeDigitalInput03" has 5 parameters.
  ParameterGroup "SafeDigitalInput04" has 5 parameters.
  ParameterGroup "SafeDigitalInput05" has 5 parameters.
  ParameterGroup "SafeDigitalInput06" has 5 parameters.
  ParameterGroup "SafeDigitalInput07" has 5 parameters.
  ParameterGroup "SafeDigitalInput08" has 5 parameters.
  ParameterGroup "PulseOutput" has 8 parameters.
  ParameterGroup "http://www.br-automation.com" has 22 parameters.
Module "X67SC4122.L12_110.SL1.SM42" is of type "X67SC4122.L12" and has 38 channels and 13 parameter groups.
Reading properties for module "X67SC4122.L12_110".
  ParameterGroup "Basic_Node" has 5 parameters.
  ParameterGroup "Safety_Response_Time" has 4 parameters.
  ParameterGroup "Module Configuration" has 1 parameters.
  ParameterGroup "SafeDigitalInput01" has 5 parameters.
  ParameterGroup "SafeDigitalInput02" has 5 parameters.
  ParameterGroup "SafeDigitalInput03" has 5 parameters.
  ParameterGroup "SafeDigitalInput04" has 5 parameters.
  ParameterGroup "SafeDigitalInput05" has 5 parameters.
  ParameterGroup "SafeDigitalInput06" has 5 parameters.
  ParameterGroup "SafeDigitalInput07" has 5 parameters.
  ParameterGroup "SafeDigitalInput08" has 5 parameters.
  ParameterGroup "PulseOutput" has 8 parameters.
  ParameterGroup "http://www.br-automation.com" has 22 parameters.
Module "X67SC4122.L12_110.SL1.SM43" is of type "X67SC4122.L12" and has 38 channels and 13 parameter groups.
Reading properties for module "X67SC4122.L12_110".
  ParameterGroup "Basic_Node" has 5 parameters.
  ParameterGroup "Safety_Response_Time" has 4 parameters.
  ParameterGroup "Module Configuration" has 1 parameters.
  ParameterGroup "SafeDigitalInput01" has 5 parameters.
  ParameterGroup "SafeDigitalInput02" has 5 parameters.
  ParameterGroup "SafeDigitalInput03" has 5 parameters.
  ParameterGroup "SafeDigitalInput04" has 5 parameters.
  ParameterGroup "SafeDigitalInput05" has 5 parameters.
  ParameterGroup "SafeDigitalInput06" has 5 parameters.
  ParameterGroup "SafeDigitalInput07" has 5 parameters.
  ParameterGroup "SafeDigitalInput08" has 5 parameters.
  ParameterGroup "PulseOutput" has 8 parameters.
  ParameterGroup "http://www.br-automation.com" has 22 parameters.
Module "X67SC4122.L12_110.SL1.SM44" is of type "X67SC4122.L12" and has 38 channels and 13 parameter groups.
Reading properties for module "X67SC4122.L12_110".
  ParameterGroup "Basic_Node" has 5 parameters.
  ParameterGroup "Safety_Response_Time" has 4 parameters.
  ParameterGroup "Module Configuration" has 1 parameters.
  ParameterGroup "SafeDigitalInput01" has 5 parameters.
  ParameterGroup "SafeDigitalInput02" has 5 parameters.
  ParameterGroup "SafeDigitalInput03" has 5 parameters.
  ParameterGroup "SafeDigitalInput04" has 5 parameters.
  ParameterGroup "SafeDigitalInput05" has 5 parameters.
  ParameterGroup "SafeDigitalInput06" has 5 parameters.
  ParameterGroup "SafeDigitalInput07" has 5 parameters.
  ParameterGroup "SafeDigitalInput08" has 5 parameters.
  ParameterGroup "PulseOutput" has 8 parameters.
  ParameterGroup "http://www.br-automation.com" has 22 parameters.
Module "X67SC4122.L12_110.SL1.SM60" is of type "X67SC4122.L12" and has 38 channels and 13 parameter groups.
Content "name1" successfully read from "name2"



LOGAppend on Wednesday 2025/05/21  UTC 14:37:09:968

Reading "C:\LaserCleanroomAutomation\ControlPLC_LaserCleanroom\Physical\APC910\5PC900_TS17_02\mappSafety\Gen3Safety\BusNavigator.iom"...
Reading Content "IOOffsets"
IO reservations (MAX number of bytes): SI=128  SO=64  NSI=64  NSO=64   ConValid = 4  BITEMOsOffset=0  BITEMOsSize=0
Reading properties for module "SL1.SM1". Beginning at line 3
Reading properties for channel "SafeTwoChannelInput0102". Beginning at line 4
Reading properties for channel "BOOL00001". Beginning at line 5
Reading properties for channel "BOOL00002". Beginning at line 6
Reading properties for channel "BOOL00003". Beginning at line 7
Reading properties for channel "BOOL00004". Beginning at line 8
Reading properties for channel "BOOL00005". Beginning at line 9
Reading properties for channel "BOOL00006". Beginning at line 10
Reading properties for channel "BOOL00007". Beginning at line 11
Reading properties for channel "BOOL00008". Beginning at line 12
Reading properties for channel "BOOL00009". Beginning at line 13
Reading properties for channel "BOOL00010". Beginning at line 14
Reading properties for channel "BOOL00011". Beginning at line 15
Reading properties for channel "UINT0001". Beginning at line 16
Reading properties for channel "UINT0002". Beginning at line 17
Reading properties for channel "UINT0003". Beginning at line 18
Reading properties for channel "UINT0004". Beginning at line 19
Reading properties for channel "UINT0005". Beginning at line 20
Reading properties for channel "UINT0006". Beginning at line 21
Reading properties for channel "UINT0007". Beginning at line 22
Reading properties for channel "BOOL10001". Beginning at line 23
Reading properties for channel "BOOL10002". Beginning at line 24
Reading properties for channel "BOOL10003". Beginning at line 25
Reading properties for channel "UINT1001". Beginning at line 26
Module "SL1.SM1.SL1.SM1" has 23 items.
Reading properties for module "SL1.SM2". Beginning at line 28
Reading properties for channel "SafeModuleOK". Beginning at line 29
Reading properties for channel "SafeTwoChannelInput0102". Beginning at line 30
Reading properties for channel "SafeTwoChannelInput0506". Beginning at line 31
Reading properties for channel "SafeTwoChannelInput0708". Beginning at line 32
Module "SL1.SM2.SL1.SM2" has 4 items.
Reading properties for module "SL1.SM41". Beginning at line 34
Reading properties for channel "SafeModuleOK". Beginning at line 35
Reading properties for channel "SafeDigitalInput01". Beginning at line 36
Reading properties for channel "SafeDigitalInput02". Beginning at line 37
Reading properties for channel "SafeDigitalInput03". Beginning at line 38
Reading properties for channel "SafeDigitalInput05". Beginning at line 39
Reading properties for channel "SafeDigitalInput07". Beginning at line 40
Reading properties for channel "SafeDigitalOutput01". Beginning at line 41
Reading properties for channel "SafeDigitalOutput02". Beginning at line 42
Reading properties for channel "SafeDigitalOutput03". Beginning at line 43
Reading properties for channel "SafeDigitalOutput04". Beginning at line 44
Reading properties for channel "ReleaseOutput". Beginning at line 45
Module "SL1.SM41.SL1.SM41" has 11 items.
Reading properties for module "SL1.SM42". Beginning at line 47
Reading properties for channel "SafeModuleOK". Beginning at line 48
Reading properties for channel "SafeDigitalInput01". Beginning at line 49
Reading properties for channel "SafeDigitalInput02". Beginning at line 50
Reading properties for channel "SafeDigitalInput03". Beginning at line 51
Reading properties for channel "SafeDigitalOutput01". Beginning at line 52
Reading properties for channel "SafeDigitalOutput02". Beginning at line 53
Reading properties for channel "SafeDigitalOutput03". Beginning at line 54
Reading properties for channel "SafeDigitalOutput04". Beginning at line 55
Reading properties for channel "ReleaseOutput". Beginning at line 56
Module "SL1.SM42.SL1.SM42" has 9 items.
Reading properties for module "SL1.SM43". Beginning at line 58
Reading properties for channel "SafeModuleOK". Beginning at line 59
Reading properties for channel "SafeDigitalInput01". Beginning at line 60
Reading properties for channel "SafeDigitalInput02". Beginning at line 61
Reading properties for channel "SafeDigitalInput03". Beginning at line 62
Reading properties for channel "SafeDigitalInput05". Beginning at line 63
Reading properties for channel "SafeDigitalInput07". Beginning at line 64
Reading properties for channel "SafeDigitalOutput01". Beginning at line 65
Reading properties for channel "SafeDigitalOutput02". Beginning at line 66
Reading properties for channel "SafeDigitalOutput03". Beginning at line 67
Reading properties for channel "SafeDigitalOutput04". Beginning at line 68
Reading properties for channel "ReleaseOutput". Beginning at line 69
Module "SL1.SM43.SL1.SM43" has 11 items.
Reading properties for module "SL1.SM44". Beginning at line 71
Reading properties for channel "SafeModuleOK". Beginning at line 72
Reading properties for channel "SafeDigitalInput01". Beginning at line 73
Reading properties for channel "SafeDigitalInput02". Beginning at line 74
Reading properties for channel "SafeDigitalInput03". Beginning at line 75
Reading properties for channel "SafeDigitalOutput01". Beginning at line 76
Reading properties for channel "SafeDigitalOutput02". Beginning at line 77
Reading properties for channel "SafeDigitalOutput03". Beginning at line 78
Reading properties for channel "SafeDigitalOutput04". Beginning at line 79
Reading properties for channel "ReleaseOutput". Beginning at line 80
Module "SL1.SM44.SL1.SM44" has 9 items.
Reading properties for module "SL1.SM60". Beginning at line 82
Reading properties for channel "SafeModuleOK". Beginning at line 83
Reading properties for channel "SafeInputOK01". Beginning at line 84
Reading properties for channel "SafeInputOK02". Beginning at line 85
Reading properties for channel "SafeInputOK05". Beginning at line 86
Module "SL1.SM60.SL1.SM60" has 4 items.
Content "IOOffsets" successfully read from "C:\LaserCleanroomAutomation\ControlPLC_LaserCleanroom\Physical\APC910\5PC900_TS17_02\mappSafety\Gen3Safety\BusNavigator.iom"
